<?xml version="1.0" encoding="UTF-8"?>
<!-- Generated by org.testng.reporters.JUnitReportReporter -->
<testsuite hostname="DESKTOP-S2H843M" failures="0" tests="1" name="jenkiens.NewTest" time="10.724" errors="0" timestamp="2023-03-22T23:22:37 CDT" skipped="0">
  <testcase classname="jenkiens.NewTest" name="f" time="10.724"/>
  <system-out/>
</testsuite> <!-- jenkiens.NewTest -->
