<?xml version="1.0" encoding="UTF-8"?>
<!-- Generated by org.testng.reporters.JUnitReportReporter -->
<testsuite hostname="DESKTOP-S2H843M" failures="0" tests="1" name="jenkiens.testng2" time="28.645" errors="0" timestamp="2023-03-22T23:22:37 CDT" skipped="0">
  <testcase classname="jenkiens.testng2" name="f" time="28.645"/>
  <system-out/>
</testsuite> <!-- jenkiens.testng2 -->
